Lmod Warning:
-------------------------------------------------------------------------------
The following dependent module(s) are not currently loaded: gcc/9.4.0-eewq4j6
(required by: OpenCilk/v2.0)
-------------------------------------------------------------------------------



Lmod Warning:
-------------------------------------------------------------------------------
The following dependent module(s) are not currently loaded: gcc/9.4.0-eewq4j6
(required by: OpenCilk/v2.0)
-------------------------------------------------------------------------------



--- Starting Job ---
Converting matrix to CSR format...
Number of nonzeros: 465410904
Your .mat to CSR format conversion complete.
Loaded matrix:
 number of rows:214005017,
 number of nonzeros:465410904
Coloring CC: iterations=180, time=286.200862 sec, Connected components=9
First 20 labels (or fewer):
1:1 2:1 3:1 4:1 5:1 6:1 7:1 8:1 9:1 10:1 11:1 12:1 13:1 14:1 15:1 16:1 17:1 18:1 19:1 20:1 
