--- Starting Job ---
MPI Tasks: 4
Cilk Workers: 4
--------------------
[1765730714.775984] [cn46:2297106:0]          parser.c:2033 UCX  WARN  unused environment variable: UCX_ROOT (maybe: UCX_PROTOS?)
[1765730714.775984] [cn46:2297106:0]          parser.c:2033 UCX  WARN  (set UCX_WARN_UNUSED_ENV_VARS=n to suppress this warning)
[1765730714.778837] [cn36:2822938:0]          parser.c:2033 UCX  WARN  unused environment variable: UCX_ROOT (maybe: UCX_PROTOS?)
[1765730714.778837] [cn36:2822938:0]          parser.c:2033 UCX  WARN  (set UCX_WARN_UNUSED_ENV_VARS=n to suppress this warning)
[1765730714.785220] [cn33:1978014:0]          parser.c:2033 UCX  WARN  unused environment variable: UCX_ROOT (maybe: UCX_PROTOS?)
[1765730714.785220] [cn33:1978014:0]          parser.c:2033 UCX  WARN  (set UCX_WARN_UNUSED_ENV_VARS=n to suppress this warning)
[1765730714.811170] [cn32:3762638:0]          parser.c:2033 UCX  WARN  unused environment variable: UCX_ROOT (maybe: UCX_PROTOS?)
[1765730714.811170] [cn32:3762638:0]          parser.c:2033 UCX  WARN  (set UCX_WARN_UNUSED_ENV_VARS=n to suppress this warning)
MPI structure created, number of ranks: 4
Rank 0: Loading matrix structure...
Rank 0: Global matrix loaded. N=65608366, NNZ=3612134270. Starting to distribute...
Rank 1: Local rows: 16402092, NNZ: 1083340537. Ready.
Rank 2: Local rows: 16402091, NNZ: 763949951. Ready.
Rank 3: Local rows: 16402091, NNZ: 525874980. Ready.
Rank 0: Local rows: 16402092, NNZ: 1238968802. Ready.
Time needed for rank 2 is 12.3355626 sec, with 10 iterations.
Time needed for rank 1 is 12.3664370 sec, with 10 iterations.
Time needed for rank 3 is 12.3018981 sec, with 10 iterations.
Converged!
MPI communication time for rank 0 is approx.: 1.1327 seconds
Time needed for rank 0 is 12.0626013 sec, with 10 iterations.
Connected components: 1
