--- Starting Job ---
MPI Tasks: 5
Cilk Workers: 4
--------------------
[1765729010.726956] [cn33:1973269:0]          parser.c:2033 UCX  WARN  unused environment variable: UCX_ROOT (maybe: UCX_PROTOS?)
[1765729010.726956] [cn33:1973269:0]          parser.c:2033 UCX  WARN  (set UCX_WARN_UNUSED_ENV_VARS=n to suppress this warning)
[1765729010.727536] [cn46:2293629:0]          parser.c:2033 UCX  WARN  unused environment variable: UCX_ROOT (maybe: UCX_PROTOS?)
[1765729010.727536] [cn46:2293629:0]          parser.c:2033 UCX  WARN  (set UCX_WARN_UNUSED_ENV_VARS=n to suppress this warning)
[1765729010.727856] [cn36:2818050:0]          parser.c:2033 UCX  WARN  unused environment variable: UCX_ROOT (maybe: UCX_PROTOS?)
[1765729010.727856] [cn36:2818050:0]          parser.c:2033 UCX  WARN  (set UCX_WARN_UNUSED_ENV_VARS=n to suppress this warning)
[1765729010.735913] [cn41:3491882:0]          parser.c:2033 UCX  WARN  unused environment variable: UCX_ROOT (maybe: UCX_PROTOS?)
[1765729010.735913] [cn41:3491882:0]          parser.c:2033 UCX  WARN  (set UCX_WARN_UNUSED_ENV_VARS=n to suppress this warning)
[1765729010.741100] [cn39:2364540:0]          parser.c:2033 UCX  WARN  unused environment variable: UCX_ROOT (maybe: UCX_PROTOS?)
[1765729010.741100] [cn39:2364540:0]          parser.c:2033 UCX  WARN  (set UCX_WARN_UNUSED_ENV_VARS=n to suppress this warning)
MPI structure created, number of ranks: 5
Rank 0: Loading matrix structure...
Rank 0: Global matrix loaded. N=65608366, NNZ=3612134270. Starting to distribute...
Rank 1: Local rows: 13121673, NNZ: 910424481. Ready.
Rank 2: Local rows: 13121673, NNZ: 739667672. Ready.
Rank 3: Local rows: 13121673, NNZ: 530201566. Ready.
Rank 0: Local rows: 13121674, NNZ: 1024190225. Ready.
Rank 4: Local rows: 13121673, NNZ: 407650326. Ready.
Converged!
MPI communication time for rank 0 is approx.: 1.1229 seconds
Time needed for rank 0 is 10.4089015 sec, with 9 iterations.
Time needed for rank 4 is 10.6314772 sec, with 9 iterations.
Time needed for rank 1 is 10.7083843 sec, with 9 iterations.
Time needed for rank 3 is 10.6613140 sec, with 9 iterations.
Time needed for rank 2 is 10.6859159 sec, with 9 iterations.
Connected components: 1
