--- Starting Job ---
MPI Tasks: 4
Cilk Workers: 4
--------------------
[1765726315.743096] [cn33:1966273:0]          parser.c:2033 UCX  WARN  unused environment variable: UCX_ROOT (maybe: UCX_PROTOS?)
[1765726315.743096] [cn33:1966273:0]          parser.c:2033 UCX  WARN  (set UCX_WARN_UNUSED_ENV_VARS=n to suppress this warning)
[1765726315.762510] [cn46:2289405:0]          parser.c:2033 UCX  WARN  unused environment variable: UCX_ROOT (maybe: UCX_PROTOS?)
[1765726315.762510] [cn46:2289405:0]          parser.c:2033 UCX  WARN  (set UCX_WARN_UNUSED_ENV_VARS=n to suppress this warning)
[1765726315.779274] [cn41:3486940:0]          parser.c:2033 UCX  WARN  unused environment variable: UCX_ROOT (maybe: UCX_PROTOS?)
[1765726315.779274] [cn41:3486940:0]          parser.c:2033 UCX  WARN  (set UCX_WARN_UNUSED_ENV_VARS=n to suppress this warning)
[1765726315.799553] [cn42:3436615:0]          parser.c:2033 UCX  WARN  unused environment variable: UCX_ROOT (maybe: UCX_PROTOS?)
[1765726315.799553] [cn42:3436615:0]          parser.c:2033 UCX  WARN  (set UCX_WARN_UNUSED_ENV_VARS=n to suppress this warning)
MPI structure created, number of ranks: 4
Rank 0: Loading matrix structure...
Rank 0: Global matrix loaded. N=214005017, NNZ=465410904. Starting to distribute...
Rank 1: Local rows: 53501254, NNZ: 116047457. Ready.
Rank 2: Local rows: 53501254, NNZ: 116294989. Ready.
Rank 0: Local rows: 53501255, NNZ: 115812514. Ready.
Rank 3: Local rows: 53501254, NNZ: 117255944. Ready.
Time needed for rank 3 is 92.5435318 sec, with 152 iterations.
Converged!
MPI communication time for rank 0 is approx.: 17.2048 seconds
Time needed for rank 0 is 92.5452921 sec, with 152 iterations.
Time needed for rank 1 is 92.7593998 sec, with 152 iterations.
Time needed for rank 2 is 92.4427806 sec, with 152 iterations.
Connected components: 9
